2024-04-17 03:58:36.184  INFO 1 - [       main] c.epam.healenium.Application     : Starting Application v3.4.4 using Java 17.0.10 with PID 1 (/healenium-backend.jar started by root in /) 
2024-04-17 03:58:36.197  INFO 1 - [       main] c.epam.healenium.Application     : No active profile set, falling back to 1 default profile: "default" 
2024-04-17 03:58:39.054  INFO 1 - [       main] .RepositoryConfigurationDelegate : Bootstrapping Spring Data JPA repositories in DEFAULT mode. 
2024-04-17 03:58:39.337  INFO 1 - [       main] .RepositoryConfigurationDelegate : Finished Spring Data repository scanning in 268 ms. Found 4 JPA repository interfaces. 
2024-04-17 03:58:40.907  INFO 1 - [       main] o.s.b.w.e.t.TomcatWebServer      : Tomcat initialized with port 7878 (http) 
2024-04-17 03:58:40.930  INFO 1 - [       main] o.a.c.core.StandardService       : Starting service [Tomcat] 
2024-04-17 03:58:40.931  INFO 1 - [       main] o.a.c.core.StandardEngine        : Starting Servlet engine: [Apache Tomcat/10.1.18] 
2024-04-17 03:58:41.009  INFO 1 - [       main] o.a.c.c.C.[.[localhost].[/]      : Initializing Spring embedded WebApplicationContext 
2024-04-17 03:58:41.010  INFO 1 - [       main] rvletWebServerApplicationContext : Root WebApplicationContext: initialization completed in 4471 ms 
2024-04-17 03:58:41.534  INFO 1 - [       main] c.z.hikari.HikariDataSource      : HikariPool-1 - Starting... 
2024-04-17 03:58:41.618 ERROR 1 - [       main] c.z.hikari.pool.HikariPool       : HikariPool-1 - Exception during pool initialization. org.postgresql.util.PSQLException: Connection to postgres-db:5432 refused. Check that the hostname and port are correct and that the postmaster is accepting TCP/IP connections.\n 	at org.postgresql.core.v3.ConnectionFactoryImpl.openConnectionImpl(ConnectionFactoryImpl.java:342)\n 	at org.postgresql.core.ConnectionFactory.openConnection(ConnectionFactory.java:54)\n 	at org.postgresql.jdbc.PgConnection.<init>(PgConnection.java:263)\n 	at org.postgresql.Driver.makeConnection(Driver.java:443)\n 	at org.postgresql.Driver.connect(Driver.java:297)\n 	at com.zaxxer.hikari.util.DriverDataSource.getConnection(DriverDataSource.java:138)\n 	at com.zaxxer.hikari.pool.PoolBase.newConnection(PoolBase.java:353)\n 	at com.zaxxer.hikari.pool.PoolBase.newPoolEntry(PoolBase.java:201)\n 	at com.zaxxer.hikari.pool.HikariPool.createPoolEntry(HikariPool.java:473)\n 	at com.zaxxer.hikari.pool.HikariPool.checkFailFast(HikariPool.java:562)\n 	at com.zaxxer.hikari.pool.HikariPool.<init>(HikariPool.java:115)\n 	at com.zaxxer.hikari.HikariDataSource.getConnection(HikariDataSource.java:112)\n 	at liquibase.integration.spring.SpringLiquibase.lambda$afterPropertiesSet$0(SpringLiquibase.java:291)\n 	at liquibase.Scope.lambda$child$0(Scope.java:186)\n 	at liquibase.Scope.child(Scope.java:195)\n 	at liquibase.Scope.child(Scope.java:185)\n 	at liquibase.Scope.child(Scope.java:164)\n 	at liquibase.Scope.child(Scope.java:252)\n 	at liquibase.integration.spring.SpringLiquibase.afterPropertiesSet(SpringLiquibase.java:287)\n 	at org.springframework.beans.factory.support.AbstractAutowireCapableBeanFactory.invokeInitMethods(AbstractAutowireCapableBeanFactory.java:1820)\n 	at org.springframework.beans.factory.support.AbstractAutowireCapableBeanFactory.initializeBean(AbstractAutowireCapableBeanFactory.java:1769)\n 	at org.springframework.beans.factory.support.AbstractAutowireCapableBeanFactory.doCreateBean(AbstractAutowireCapableBeanFactory.java:599)\n 	at org.springframework.beans.factory.support.AbstractAutowireCapableBeanFactory.createBean(AbstractAutowireCapableBeanFactory.java:521)\n 	at org.springframework.beans.factory.support.AbstractBeanFactory.lambda$doGetBean$0(AbstractBeanFactory.java:325)\n 	at org.springframework.beans.factory.support.DefaultSingletonBeanRegistry.getSingleton(DefaultSingletonBeanRegistry.java:234)\n 	at org.springframework.beans.factory.support.AbstractBeanFactory.doGetBean(AbstractBeanFactory.java:323)\n 	at org.springframework.beans.factory.support.AbstractBeanFactory.getBean(AbstractBeanFactory.java:199)\n 	at org.springframework.beans.factory.support.AbstractBeanFactory.doGetBean(AbstractBeanFactory.java:312)\n 	at org.springframework.beans.factory.support.AbstractBeanFactory.getBean(AbstractBeanFactory.java:199)\n 	at org.springframework.context.support.AbstractApplicationContext.getBean(AbstractApplicationContext.java:1231)\n 	at org.springframework.context.support.AbstractApplicationContext.finishBeanFactoryInitialization(AbstractApplicationContext.java:949)\n 	at org.springframework.context.support.AbstractApplicationContext.refresh(AbstractApplicationContext.java:624)\n 	at org.springframework.boot.web.servlet.context.ServletWebServerApplicationContext.refresh(ServletWebServerApplicationContext.java:146)\n 	at org.springframework.boot.SpringApplication.refresh(SpringApplication.java:754)\n 	at org.springframework.boot.SpringApplication.refreshContext(SpringApplication.java:456)\n 	at org.springframework.boot.SpringApplication.run(SpringApplication.java:334)\n 	at org.springframework.boot.SpringApplication.run(SpringApplication.java:1354)\n 	at org.springframework.boot.SpringApplication.run(SpringApplication.java:1343)\n 	at com.epam.healenium.Application.main(Application.java:9)\n 	at java.base/jdk.internal.reflect.NativeMethodAccessorImpl.invoke0(Native Method)\n 	at java.base/jdk.internal.reflect.NativeMethodAccessorImpl.invoke(NativeMethodAccessorImpl.java:77)\n 	at java.base/jdk.internal.reflect.DelegatingMethodAccessorImpl.invoke(DelegatingMethodAccessorImpl.java:43)\n 	at java.base/java.lang.reflect.Method.invoke(Method.java:568)\n 	at org.springframework.boot.loader.launch.Launcher.launch(Launcher.java:91)\n 	at org.springframework.boot.loader.launch.Launcher.launch(Launcher.java:53)\n 	at org.springframework.boot.loader.launch.JarLauncher.main(JarLauncher.java:58)\n Caused by: java.net.ConnectException: Connection refused\n 	at java.base/sun.nio.ch.Net.pollConnect(Native Method)\n 	at java.base/sun.nio.ch.Net.pollConnectNow(Net.java:672)\n 	at java.base/sun.nio.ch.NioSocketImpl.timedFinishConnect(NioSocketImpl.java:547)\n 	at java.base/sun.nio.ch.NioSocketImpl.connect(NioSocketImpl.java:602)\n 	at java.base/java.net.SocksSocketImpl.connect(SocksSocketImpl.java:327)\n 	at java.base/java.net.Socket.connect(Socket.java:633)\n 	at org.postgresql.core.PGStream.createSocket(PGStream.java:243)\n 	at org.postgresql.core.PGStream.<init>(PGStream.java:98)\n 	at org.postgresql.core.v3.ConnectionFactoryImpl.tryConnect(ConnectionFactoryImpl.java:132)\n 	at org.postgresql.core.v3.ConnectionFactoryImpl.openConnectionImpl(ConnectionFactoryImpl.java:258)\n 	... 45 common frames omitted\n 
2024-04-17 03:58:41.633  WARN 1 - [       main] rvletWebServerApplicationContext : Exception encountered during context initialization - cancelling refresh attempt: org.springframework.beans.factory.BeanCreationException: Error creating bean with name 'liquibase' defined in class path resource [org/springframework/boot/autoconfigure/liquibase/LiquibaseAutoConfiguration$LiquibaseConfiguration.class]: liquibase.exception.DatabaseException: org.postgresql.util.PSQLException: Connection to postgres-db:5432 refused. Check that the hostname and port are correct and that the postmaster is accepting TCP/IP connections. 
2024-04-17 03:58:41.640  INFO 1 - [       main] o.a.c.core.StandardService       : Stopping service [Tomcat] 
2024-04-17 03:58:41.677  INFO 1 - [       main] .ConditionEvaluationReportLogger : \n \n Error starting ApplicationContext. To display the condition evaluation report re-run your application with 'debug' enabled. 
2024-04-17 03:58:41.722 ERROR 1 - [       main] o.s.boot.SpringApplication       : Application run failed org.springframework.beans.factory.BeanCreationException: Error creating bean with name 'liquibase' defined in class path resource [org/springframework/boot/autoconfigure/liquibase/LiquibaseAutoConfiguration$LiquibaseConfiguration.class]: liquibase.exception.DatabaseException: org.postgresql.util.PSQLException: Connection to postgres-db:5432 refused. Check that the hostname and port are correct and that the postmaster is accepting TCP/IP connections.\n 	at org.springframework.beans.factory.support.AbstractAutowireCapableBeanFactory.initializeBean(AbstractAutowireCapableBeanFactory.java:1773)\n 	at org.springframework.beans.factory.support.AbstractAutowireCapableBeanFactory.doCreateBean(AbstractAutowireCapableBeanFactory.java:599)\n 	at org.springframework.beans.factory.support.AbstractAutowireCapableBeanFactory.createBean(AbstractAutowireCapableBeanFactory.java:521)\n 	at org.springframework.beans.factory.support.AbstractBeanFactory.lambda$doGetBean$0(AbstractBeanFactory.java:325)\n 	at org.springframework.beans.factory.support.DefaultSingletonBeanRegistry.getSingleton(DefaultSingletonBeanRegistry.java:234)\n 	at org.springframework.beans.factory.support.AbstractBeanFactory.doGetBean(AbstractBeanFactory.java:323)\n 	at org.springframework.beans.factory.support.AbstractBeanFactory.getBean(AbstractBeanFactory.java:199)\n 	at org.springframework.beans.factory.support.AbstractBeanFactory.doGetBean(AbstractBeanFactory.java:312)\n 	at org.springframework.beans.factory.support.AbstractBeanFactory.getBean(AbstractBeanFactory.java:199)\n 	at org.springframework.context.support.AbstractApplicationContext.getBean(AbstractApplicationContext.java:1231)\n 	at org.springframework.context.support.AbstractApplicationContext.finishBeanFactoryInitialization(AbstractApplicationContext.java:949)\n 	at org.springframework.context.support.AbstractApplicationContext.refresh(AbstractApplicationContext.java:624)\n 	at org.springframework.boot.web.servlet.context.ServletWebServerApplicationContext.refresh(ServletWebServerApplicationContext.java:146)\n 	at org.springframework.boot.SpringApplication.refresh(SpringApplication.java:754)\n 	at org.springframework.boot.SpringApplication.refreshContext(SpringApplication.java:456)\n 	at org.springframework.boot.SpringApplication.run(SpringApplication.java:334)\n 	at org.springframework.boot.SpringApplication.run(SpringApplication.java:1354)\n 	at org.springframework.boot.SpringApplication.run(SpringApplication.java:1343)\n 	at com.epam.healenium.Application.main(Application.java:9)\n 	at java.base/jdk.internal.reflect.NativeMethodAccessorImpl.invoke0(Native Method)\n 	at java.base/jdk.internal.reflect.NativeMethodAccessorImpl.invoke(NativeMethodAccessorImpl.java:77)\n 	at java.base/jdk.internal.reflect.DelegatingMethodAccessorImpl.invoke(DelegatingMethodAccessorImpl.java:43)\n 	at java.base/java.lang.reflect.Method.invoke(Method.java:568)\n 	at org.springframework.boot.loader.launch.Launcher.launch(Launcher.java:91)\n 	at org.springframework.boot.loader.launch.Launcher.launch(Launcher.java:53)\n 	at org.springframework.boot.loader.launch.JarLauncher.main(JarLauncher.java:58)\n Caused by: liquibase.exception.UnexpectedLiquibaseException: liquibase.exception.DatabaseException: org.postgresql.util.PSQLException: Connection to postgres-db:5432 refused. Check that the hostname and port are correct and that the postmaster is accepting TCP/IP connections.\n 	at liquibase.integration.spring.SpringLiquibase.afterPropertiesSet(SpringLiquibase.java:304)\n 	at org.springframework.beans.factory.support.AbstractAutowireCapableBeanFactory.invokeInitMethods(AbstractAutowireCapableBeanFactory.java:1820)\n 	at org.springframework.beans.factory.support.AbstractAutowireCapableBeanFactory.initializeBean(AbstractAutowireCapableBeanFactory.java:1769)\n 	... 25 common frames omitted\n Caused by: liquibase.exception.DatabaseException: org.postgresql.util.PSQLException: Connection to postgres-db:5432 refused. Check that the hostname and port are correct and that the postmaster is accepting TCP/IP connections.\n 	at liquibase.integration.spring.SpringLiquibase.lambda$afterPropertiesSet$0(SpringLiquibase.java:296)\n 	at liquibase.Scope.lambda$child$0(Scope.java:186)\n 	at liquibase.Scope.child(Scope.java:195)\n 	at liquibase.Scope.child(Scope.java:185)\n 	at liquibase.Scope.child(Scope.java:164)\n 	at liquibase.Scope.child(Scope.java:252)\n 	at liquibase.integration.spring.SpringLiquibase.afterPropertiesSet(SpringLiquibase.java:287)\n 	... 27 common frames omitted\n Caused by: org.postgresql.util.PSQLException: Connection to postgres-db:5432 refused. Check that the hostname and port are correct and that the postmaster is accepting TCP/IP connections.\n 	at org.postgresql.core.v3.ConnectionFactoryImpl.openConnectionImpl(ConnectionFactoryImpl.java:342)\n 	at org.postgresql.core.ConnectionFactory.openConnection(ConnectionFactory.java:54)\n 	at org.postgresql.jdbc.PgConnection.<init>(PgConnection.java:263)\n 	at org.postgresql.Driver.makeConnection(Driver.java:443)\n 	at org.postgresql.Driver.connect(Driver.java:297)\n 	at com.zaxxer.hikari.util.DriverDataSource.getConnection(DriverDataSource.java:138)\n 	at com.zaxxer.hikari.pool.PoolBase.newConnection(PoolBase.java:353)\n 	at com.zaxxer.hikari.pool.PoolBase.newPoolEntry(PoolBase.java:201)\n 	at com.zaxxer.hikari.pool.HikariPool.createPoolEntry(HikariPool.java:473)\n 	at com.zaxxer.hikari.pool.HikariPool.checkFailFast(HikariPool.java:562)\n 	at com.zaxxer.hikari.pool.HikariPool.<init>(HikariPool.java:115)\n 	at com.zaxxer.hikari.HikariDataSource.getConnection(HikariDataSource.java:112)\n 	at liquibase.integration.spring.SpringLiquibase.lambda$afterPropertiesSet$0(SpringLiquibase.java:291)\n 	... 33 common frames omitted\n Caused by: java.net.ConnectException: Connection refused\n 	at java.base/sun.nio.ch.Net.pollConnect(Native Method)\n 	at java.base/sun.nio.ch.Net.pollConnectNow(Net.java:672)\n 	at java.base/sun.nio.ch.NioSocketImpl.timedFinishConnect(NioSocketImpl.java:547)\n 	at java.base/sun.nio.ch.NioSocketImpl.connect(NioSocketImpl.java:602)\n 	at java.base/java.net.SocksSocketImpl.connect(SocksSocketImpl.java:327)\n 	at java.base/java.net.Socket.connect(Socket.java:633)\n 	at org.postgresql.core.PGStream.createSocket(PGStream.java:243)\n 	at org.postgresql.core.PGStream.<init>(PGStream.java:98)\n 	at org.postgresql.core.v3.ConnectionFactoryImpl.tryConnect(ConnectionFactoryImpl.java:132)\n 	at org.postgresql.core.v3.ConnectionFactoryImpl.openConnectionImpl(ConnectionFactoryImpl.java:258)\n 	... 45 common frames omitted\n 
2024-04-17 03:58:49.818  INFO 1 - [       main] c.epam.healenium.Application     : Starting Application v3.4.4 using Java 17.0.10 with PID 1 (/healenium-backend.jar started by root in /) 
2024-04-17 03:58:49.925  INFO 1 - [       main] c.epam.healenium.Application     : No active profile set, falling back to 1 default profile: "default" 
2024-04-17 03:58:52.405  INFO 1 - [       main] .RepositoryConfigurationDelegate : Bootstrapping Spring Data JPA repositories in DEFAULT mode. 
2024-04-17 03:58:52.796  INFO 1 - [       main] .RepositoryConfigurationDelegate : Finished Spring Data repository scanning in 366 ms. Found 4 JPA repository interfaces. 
2024-04-17 03:58:54.359  INFO 1 - [       main] o.s.b.w.e.t.TomcatWebServer      : Tomcat initialized with port 7878 (http) 
2024-04-17 03:58:54.377  INFO 1 - [       main] o.a.c.core.StandardService       : Starting service [Tomcat] 
2024-04-17 03:58:54.378  INFO 1 - [       main] o.a.c.core.StandardEngine        : Starting Servlet engine: [Apache Tomcat/10.1.18] 
2024-04-17 03:58:54.468  INFO 1 - [       main] o.a.c.c.C.[.[localhost].[/]      : Initializing Spring embedded WebApplicationContext 
2024-04-17 03:58:54.470  INFO 1 - [       main] rvletWebServerApplicationContext : Root WebApplicationContext: initialization completed in 4363 ms 
2024-04-17 03:58:55.035  INFO 1 - [       main] c.z.hikari.HikariDataSource      : HikariPool-1 - Starting... 
2024-04-17 03:58:55.420  INFO 1 - [       main] c.z.hikari.HikariDataSource      : HikariPool-1 - Start completed. 
2024-04-17 03:58:55.741  INFO 1 - [       main] liquibase.database               : Set default schema name to healenium 
2024-04-17 03:58:57.285  INFO 1 - [       main] liquibase.changelog              : Creating database history table with name: healenium.databasechangelog 
2024-04-17 03:59:06.639  INFO 1 - [       main] liquibase.changelog              : Reading from healenium.databasechangelog 
2024-04-17 03:59:07.145  INFO 1 - [       main] liquibase.lockservice            : Successfully acquired change log lock 
2024-04-17 03:59:07.151  INFO 1 - [       main] liquibase.command                : Using deploymentId: 3315547151 
2024-04-17 03:59:07.159  INFO 1 - [       main] liquibase.changelog              : Reading from healenium.databasechangelog 
2024-04-17 03:59:07.278  INFO 1 - [       main] liquibase.ui                     : Running Changeset: changelog/001_createSequence.xml::3::nkobzev 
2024-04-17 03:59:07.301  INFO 1 - [       main] liquibase.changelog              : Sequence healing_result_seq created 
2024-04-17 03:59:07.311  INFO 1 - [       main] liquibase.changelog              : ChangeSet changelog/001_createSequence.xml::3::nkobzev ran successfully in 29ms 
2024-04-17 03:59:07.343  INFO 1 - [       main] liquibase.ui                     : Running Changeset: changelog/002_selector.xml::5::nkobzev 
2024-04-17 03:59:07.376  INFO 1 - [       main] liquibase.changelog              : Table SELECTOR created 
2024-04-17 03:59:07.385  INFO 1 - [       main] liquibase.changelog              : ChangeSet changelog/002_selector.xml::5::nkobzev ran successfully in 38ms 
2024-04-17 03:59:07.400  INFO 1 - [       main] liquibase.ui                     : Running Changeset: changelog/002_selector.xml::6::nkobzev 
2024-04-17 03:59:07.527  INFO 1 - [       main] liquibase.changelog              : Index SELECTOR_PK created 
2024-04-17 03:59:07.538  INFO 1 - [       main] liquibase.changelog              : ChangeSet changelog/002_selector.xml::6::nkobzev ran successfully in 136ms 
2024-04-17 03:59:07.561  INFO 1 - [       main] liquibase.ui                     : Running Changeset: changelog/003_healing.xml::7::nkobzev 
2024-04-17 03:59:07.583  INFO 1 - [       main] liquibase.changelog              : Table HEALING created 
2024-04-17 03:59:07.589  INFO 1 - [       main] liquibase.changelog              : ChangeSet changelog/003_healing.xml::7::nkobzev ran successfully in 26ms 
2024-04-17 03:59:07.603  INFO 1 - [       main] liquibase.ui                     : Running Changeset: changelog/003_healing.xml::8::nkobzev 
2024-04-17 03:59:07.669  INFO 1 - [       main] liquibase.changelog              : Index HEALING_PK created 
2024-04-17 03:59:07.686  INFO 1 - [       main] liquibase.changelog              : Foreign key constraint added to HEALING (SELECTOR_ID) 
2024-04-17 03:59:07.693  INFO 1 - [       main] liquibase.changelog              : ChangeSet changelog/003_healing.xml::8::nkobzev ran successfully in 88ms 
2024-04-17 03:59:07.718  INFO 1 - [       main] liquibase.ui                     : Running Changeset: changelog/004_healingResult.xml::9::nkobzev 
2024-04-17 03:59:07.761  INFO 1 - [       main] liquibase.changelog              : Table HEALING_RESULT created 
2024-04-17 03:59:07.774  INFO 1 - [       main] liquibase.changelog              : ChangeSet changelog/004_healingResult.xml::9::nkobzev ran successfully in 52ms 
2024-04-17 03:59:07.793  INFO 1 - [       main] liquibase.ui                     : Running Changeset: changelog/004_healingResult.xml::10::nkobzev 
2024-04-17 03:59:07.871  INFO 1 - [       main] liquibase.changelog              : Index HEALING_RESULT_PK created 
2024-04-17 03:59:07.879  INFO 1 - [       main] liquibase.changelog              : Foreign key constraint added to HEALING_RESULT (HEALING_ID) 
2024-04-17 03:59:07.885  INFO 1 - [       main] liquibase.changelog              : ChangeSet changelog/004_healingResult.xml::10::nkobzev ran successfully in 83ms 
2024-04-17 03:59:07.900  INFO 1 - [       main] liquibase.ui                     : Running Changeset: changelog/005_report.xml::11::nkobzev 
2024-04-17 03:59:07.922  INFO 1 - [       main] liquibase.changelog              : Table REPORT created 
2024-04-17 03:59:07.927  INFO 1 - [       main] liquibase.changelog              : ChangeSet changelog/005_report.xml::11::nkobzev ran successfully in 24ms 
2024-04-17 03:59:07.954  INFO 1 - [       main] liquibase.ui                     : Running Changeset: changelog/005_report.xml::12::nkobzev 
2024-04-17 03:59:08.025  INFO 1 - [       main] liquibase.changelog              : Index REPORT_PK created 
2024-04-17 03:59:08.031  INFO 1 - [       main] liquibase.changelog              : ChangeSet changelog/005_report.xml::12::nkobzev ran successfully in 75ms 
2024-04-17 03:59:08.041  INFO 1 - [       main] liquibase.ui                     : Running Changeset: changelog/006_command_and_healingenable_column.xml::13::nkobzev 
2024-04-17 03:59:08.053  INFO 1 - [       main] liquibase.changelog              : Columns COMMAND(VARCHAR(264)),ENABLE_HEALING(BOOLEAN) added to SELECTOR 
2024-04-17 03:59:08.059  INFO 1 - [       main] liquibase.changelog              : ChangeSet changelog/006_command_and_healingenable_column.xml::13::nkobzev ran successfully in 17ms 
2024-04-17 03:59:08.102  INFO 1 - [       main] liquibase.util                   : UPDATE SUMMARY 
2024-04-17 03:59:08.104  INFO 1 - [       main] liquibase.util                   : Run:                         10 
2024-04-17 03:59:08.106  INFO 1 - [       main] liquibase.util                   : Previously run:               0 
2024-04-17 03:59:08.107  INFO 1 - [       main] liquibase.util                   : Filtered out:                 0 
2024-04-17 03:59:08.108  INFO 1 - [       main] liquibase.util                   : ------------------------------- 
2024-04-17 03:59:08.109  INFO 1 - [       main] liquibase.util                   : Total change sets:           10 
2024-04-17 03:59:08.111  INFO 1 - [       main] liquibase.util                   : Update summary generated 
2024-04-17 03:59:08.120  INFO 1 - [       main] liquibase.command                : Update command completed successfully. 
2024-04-17 03:59:08.122  INFO 1 - [       main] liquibase.ui                     : Liquibase: Update has been successful. Rows affected: 10 
2024-04-17 03:59:08.140  INFO 1 - [       main] liquibase.lockservice            : Successfully released change log lock 
2024-04-17 03:59:08.142  INFO 1 - [       main] liquibase.command                : Command execution complete 
2024-04-17 03:59:08.665  INFO 1 - [       main] o.h.j.internal.util.LogHelper    : HHH000204: Processing PersistenceUnitInfo [name: default] 
2024-04-17 03:59:08.974  INFO 1 - [       main] org.hibernate.Version            : HHH000412: Hibernate ORM core version 6.4.1.Final 
2024-04-17 03:59:09.154  INFO 1 - [       main] o.h.c.i.RegionFactoryInitiator   : HHH000026: Second-level cache disabled 
2024-04-17 03:59:10.654  INFO 1 - [       main] .o.j.p.SpringPersistenceUnitInfo : No LoadTimeWeaver setup: ignoring JPA class transformer 
2024-04-17 03:59:10.804  WARN 1 - [       main] org.hibernate.orm.deprecation    : HHH90000025: PostgreSQLDialect does not need to be specified explicitly using 'hibernate.dialect' (remove the property setting and it will be selected by default) 
2024-04-17 03:59:14.266  WARN 1 - [       main] o.h.m.internal.MetadataContext   : HHH015011: Unable to locate static metamodel field : com.epam.healenium.model.domain.Selector_#nodePathWrapper; this may or may not indicate a problem with the static metamodel 
2024-04-17 03:59:14.278  INFO 1 - [       main] h.e.t.j.p.i.JtaPlatformInitiator : HHH000489: No JTA platform available (set 'hibernate.transaction.jta.platform' to enable JTA platform integration) 
2024-04-17 03:59:14.290  INFO 1 - [       main] ontainerEntityManagerFactoryBean : Initialized JPA EntityManagerFactory for persistence unit 'default' 
2024-04-17 03:59:15.079  INFO 1 - [       main] o.s.d.j.r.q.QueryEnhancerFactory : Hibernate is in classpath; If applicable, HQL parser will be used. 
2024-04-17 03:59:16.231  INFO 1 - [       main] .a.w.s.WelcomePageHandlerMapping : Adding welcome page template: index 
2024-04-17 03:59:17.599  INFO 1 - [       main] .s.b.a.e.w.EndpointLinksResolver : Exposing 1 endpoint(s) beneath base path '/actuator' 
2024-04-17 03:59:17.757  INFO 1 - [       main] o.s.b.w.e.t.TomcatWebServer      : Tomcat started on port 7878 (http) with context path '' 
2024-04-17 03:59:18.003  INFO 1 - [       main] c.epam.healenium.Application     : Started Application in 29.908 seconds (process running for 31.593) 
2024-04-17 04:20:10.830  INFO 1 - [7878-exec-1] o.a.c.c.C.[.[localhost].[/]      : Initializing Spring DispatcherServlet 'dispatcherServlet' 
2024-04-17 04:20:10.833  INFO 1 - [7878-exec-1] o.s.w.s.DispatcherServlet        : Initializing Servlet 'dispatcherServlet' 
2024-04-17 04:20:10.837  INFO 1 - [7878-exec-1] o.s.w.s.DispatcherServlet        : Completed initialization in 3 ms 
2024-04-17 05:23:27.675  INFO 1 - [7878-exec-1] healenium                        : [Save Elements] Request: By.xpath(//*[@id="APjFqb"]) 
2024-04-17 05:23:27.829  INFO 1 - [7878-exec-2] healenium                        : [Save Elements] Request: By.xpath(//input[@value="Google Search"]) 
2024-04-17 05:23:52.776  INFO 1 - [7878-exec-6] healenium                        : [Save Elements] Request: By.xpath(//*[@id="APjFqb"]) 
2024-04-17 05:23:53.019  INFO 1 - [7878-exec-7] healenium                        : [Save Elements] Request: By.xpath(//input[@value="Google Search"]) 
2024-04-17 05:25:04.400  INFO 1 - [7878-exec-1] healenium                        : [Save Elements] Request: By.xpath(//*[@id="APjFqb"]) 
2024-04-17 05:25:04.512  INFO 1 - [7878-exec-2] healenium                        : [Save Elements] Request: By.xpath(//input[@value="Google Search"]) 
2024-04-17 05:26:28.400  INFO 1 - [7878-exec-6] healenium                        : [Save Elements] Request: By.xpath(//*[@id="APjFqb"]) 
2024-04-17 05:26:28.492  INFO 1 - [7878-exec-7] healenium                        : [Save Elements] Request: By.xpath(//input[@value="Google Search"]) 
2024-04-17 05:27:59.435  INFO 1 - [7878-exec-1] healenium                        : [Get Reference] Request: RequestDto(locator=//*[@id="jFqb"], className=tests.AmazonLoginTests, methodName=main, command=findElement, url=https://www.google.com/)) 
2024-04-17 05:31:55.158  INFO 1 - [7878-exec-6] healenium                        : [Save Elements] Request: By.xpath(//*[@id="APjFqb"]) 
2024-04-17 05:34:02.987  INFO 1 - [7878-exec-8] healenium                        : [Save Elements] Request: By.xpath(//input[@value="Google Search"]) 
2024-04-17 05:35:02.660  INFO 1 - [7878-exec-2] healenium                        : [Save Elements] Request: By.xpath(//*[@id="APjFqb"]) 
2024-04-17 05:35:02.780  INFO 1 - [7878-exec-3] healenium                        : [Save Elements] Request: By.xpath(//input[@value="Google Search"]) 
2024-04-17 05:36:08.505  INFO 1 - [7878-exec-7] healenium                        : [Get Reference] Request: RequestDto(locator=//*[@id="APjFqb"], className=tests.AmazonLoginTests, methodName=main, command=findElement, url=https://www.google.com/)) 
2024-04-17 05:37:04.841  INFO 1 - [7878-exec-9] healenium                        : [Save Elements] Request: By.xpath(//input[@value="Google Search"]) 
2024-04-17 05:41:22.741  INFO 1 - [7878-exec-3] healenium                        : [Save Elements] Request: By.xpath(//*[@id="APjFqb"]) 
2024-04-17 05:41:22.863  INFO 1 - [7878-exec-4] healenium                        : [Save Elements] Request: By.xpath(//input[@value="Google Search"]) 
2024-04-17 05:42:55.432  INFO 1 - [7878-exec-1] healenium                        : [Save Elements] Request: By.xpath(//*[@id="APjFqb"]) 
2024-04-17 05:42:55.543  INFO 1 - [7878-exec-2] healenium                        : [Save Elements] Request: By.xpath(//input[@value="Google Search"]) 
2024-04-17 05:44:51.656  INFO 1 - [7878-exec-9] healenium                        : [Save Elements] Request: By.xpath(//*[@id="APjFqb"]) 
2024-04-17 05:44:51.791  INFO 1 - [878-exec-10] healenium                        : [Save Elements] Request: By.xpath(//input[@value="Google Search"]) 
2024-04-17 05:48:40.956  INFO 1 - [7878-exec-7] healenium                        : [Save Elements] Request: By.xpath(//*[@id="APjFqb"]) 
2024-04-17 05:48:41.059  INFO 1 - [7878-exec-8] healenium                        : [Save Elements] Request: By.xpath(//input[@value="Google Search"]) 
2024-04-17 05:53:48.833  INFO 1 - [7878-exec-2] healenium                        : [Save Elements] Request: By.xpath(//*[@id="APjFqb"]) 
2024-04-17 05:53:48.904  INFO 1 - [7878-exec-3] healenium                        : [Save Elements] Request: By.xpath(//input[@value="Google Search"]) 
2024-04-17 05:54:14.220  INFO 1 - [7878-exec-8] healenium                        : [Save Elements] Request: By.xpath(//*[@id="APjFqb"]) 
2024-04-17 05:54:14.427  INFO 1 - [7878-exec-9] healenium                        : [Save Elements] Request: By.xpath(//input[@value="Google Search"]) 
2024-04-17 05:54:19.903  INFO 1 - [7878-exec-5] healenium                        : [Save Elements] Request: By.xpath(//*[@id="APjFqb"]) 
2024-04-17 05:54:21.288  INFO 1 - [7878-exec-6] healenium                        : [Save Elements] Request: By.xpath(//input[@value="Google Search"]) 
2024-04-17 05:54:22.548  INFO 1 - [7878-exec-7] healenium                        : [Save Elements] Request: By.xpath(//*[@id="APjFqb"]) 
2024-04-17 05:54:22.736  INFO 1 - [7878-exec-8] healenium                        : [Save Elements] Request: By.xpath(//input[@value="Google Search"]) 
2024-04-17 05:54:25.855  INFO 1 - [878-exec-10] healenium                        : [Save Elements] Request: By.xpath(//*[@id="APjFqb"]) 
2024-04-17 05:54:26.026  INFO 1 - [7878-exec-9] healenium                        : [Save Elements] Request: By.xpath(//input[@value="Google Search"]) 
2024-04-17 05:56:43.467  INFO 1 - [7878-exec-9] healenium                        : [Save Elements] Request: By.xpath(//*[@id="APjFqb"]) 
2024-04-17 05:56:43.554  INFO 1 - [7878-exec-1] healenium                        : [Save Elements] Request: By.xpath(//input[@value="Google Search"]) 
2024-04-17 05:59:04.964  INFO 1 - [7878-exec-9] healenium                        : [Save Elements] Request: By.xpath(//*[@id="APjFqb"]) 
2024-04-17 05:59:05.088  INFO 1 - [7878-exec-1] healenium                        : [Save Elements] Request: By.xpath(//input[@value="Google Search"]) 
2024-04-17 06:01:54.963  INFO 1 - [7878-exec-9] healenium                        : [Save Elements] Request: By.xpath(//*[@id="APjFqb"]) 
2024-04-17 06:01:55.097  INFO 1 - [7878-exec-1] healenium                        : [Save Elements] Request: By.xpath(//input[@value="Google Search"]) 
2024-04-17 06:02:49.563  INFO 1 - [7878-exec-5] healenium                        : [Get Reference] Request: RequestDto(locator=//*[@id="APjFqb"], className=tests.AmazonLoginTests, methodName=main, command=findElement, url=https://www.google.com/)) 
2024-04-17 06:03:29.958  INFO 1 - [7878-exec-7] healenium                        : [Save Elements] Request: By.xpath(//input[@value="Google Search"]) 
2024-04-17 06:05:26.110  INFO 1 - [7878-exec-2] healenium                        : [Get Reference] Request: RequestDto(locator=//*[@id="APjFqb"], className=tests.AmazonLoginTests, methodName=main, command=findElement, url=https://www.google.com/)) 
2024-04-17 06:06:27.829  INFO 1 - [7878-exec-6] healenium                        : [Save Elements] Request: By.xpath(//*[@id="APjFqb"]) 
2024-04-17 06:06:27.938  INFO 1 - [7878-exec-7] healenium                        : [Save Elements] Request: By.xpath(//input[@value="Google Search"]) 
2024-04-17 06:07:37.037  INFO 1 - [7878-exec-1] healenium                        : [Get Reference] Request: RequestDto(locator=//*[@id="APjFqb"], className=tests.AmazonLoginTests, methodName=main, command=findElement, url=https://www.google.com/)) 
2024-04-17 06:09:08.946  INFO 1 - [7878-exec-6] healenium                        : [Get Reference] Request: RequestDto(locator=//*[@id="APjFqb"], className=tests.AmazonLoginTests, methodName=main, command=findElement, url=https://www.google.com/)) 
2024-04-17 06:10:06.476  INFO 1 - [7878-exec-9] healenium                        : [Get Reference] Request: RequestDto(locator=//*[@id="APjFqb"], className=tests.AmazonLoginTests, methodName=main, command=findElement, url=https://www.google.com/)) 
2024-04-17 06:10:32.067  INFO 1 - [7878-exec-2] healenium                        : [Save Elements] Request: By.xpath(//input[@value="Google Search"]) 
2024-04-17 06:12:02.554  INFO 1 - [7878-exec-6] healenium                        : [Get Reference] Request: RequestDto(locator=//*[@id="APjFqb"], className=tests.AmazonLoginTests, methodName=main, command=findElement, url=https://www.google.com/)) 
2024-04-17 06:13:06.740  INFO 1 - [7878-exec-9] healenium                        : [Get Reference] Request: RequestDto(locator=//*[@id="APjFqb"], className=tests.AmazonLoginTests, methodName=main, command=findElement, url=https://www.google.com/)) 
2024-04-17 06:13:45.039  INFO 1 - [7878-exec-2] healenium                        : [Save Elements] Request: By.xpath(//input[@value="Google Search"]) 
2024-04-17 06:59:14.370  INFO 1 - [       main] c.epam.healenium.Application     : Starting Application v3.4.4 using Java 17.0.10 with PID 1 (/healenium-backend.jar started by root in /) 
2024-04-17 06:59:14.461  INFO 1 - [       main] c.epam.healenium.Application     : No active profile set, falling back to 1 default profile: "default" 
2024-04-17 06:59:16.143  INFO 1 - [       main] .RepositoryConfigurationDelegate : Bootstrapping Spring Data JPA repositories in DEFAULT mode. 
2024-04-17 06:59:16.457  INFO 1 - [       main] .RepositoryConfigurationDelegate : Finished Spring Data repository scanning in 296 ms. Found 4 JPA repository interfaces. 
2024-04-17 06:59:17.733  INFO 1 - [       main] o.s.b.w.e.t.TomcatWebServer      : Tomcat initialized with port 7878 (http) 
2024-04-17 06:59:17.753  INFO 1 - [       main] o.a.c.core.StandardService       : Starting service [Tomcat] 
2024-04-17 06:59:17.754  INFO 1 - [       main] o.a.c.core.StandardEngine        : Starting Servlet engine: [Apache Tomcat/10.1.18] 
2024-04-17 06:59:17.809  INFO 1 - [       main] o.a.c.c.C.[.[localhost].[/]      : Initializing Spring embedded WebApplicationContext 
2024-04-17 06:59:17.810  INFO 1 - [       main] rvletWebServerApplicationContext : Root WebApplicationContext: initialization completed in 3234 ms 
2024-04-17 06:59:18.188  INFO 1 - [       main] c.z.hikari.HikariDataSource      : HikariPool-1 - Starting... 
2024-04-17 06:59:18.476  INFO 1 - [       main] c.z.hikari.HikariDataSource      : HikariPool-1 - Start completed. 
2024-04-17 06:59:18.682  INFO 1 - [       main] liquibase.database               : Set default schema name to healenium 
2024-04-17 06:59:19.460  INFO 1 - [       main] liquibase.changelog              : Reading from healenium.databasechangelog 
2024-04-17 06:59:19.538  INFO 1 - [       main] liquibase.ui                     : Database is up to date, no changesets to execute 
2024-04-17 06:59:19.543  INFO 1 - [       main] liquibase.changelog              : Reading from healenium.databasechangelog 
2024-04-17 06:59:19.566  INFO 1 - [       main] liquibase.util                   : UPDATE SUMMARY 
2024-04-17 06:59:19.567  INFO 1 - [       main] liquibase.util                   : Run:                          0 
2024-04-17 06:59:19.568  INFO 1 - [       main] liquibase.util                   : Previously run:              10 
2024-04-17 06:59:19.569  INFO 1 - [       main] liquibase.util                   : Filtered out:                 0 
2024-04-17 06:59:19.570  INFO 1 - [       main] liquibase.util                   : ------------------------------- 
2024-04-17 06:59:19.571  INFO 1 - [       main] liquibase.util                   : Total change sets:           10 
2024-04-17 06:59:19.573  INFO 1 - [       main] liquibase.util                   : Update summary generated 
2024-04-17 06:59:19.624  INFO 1 - [       main] liquibase.lockservice            : Successfully released change log lock 
2024-04-17 06:59:19.629  INFO 1 - [       main] liquibase.command                : Command execution complete 
2024-04-17 06:59:19.845  INFO 1 - [       main] o.h.j.internal.util.LogHelper    : HHH000204: Processing PersistenceUnitInfo [name: default] 
2024-04-17 06:59:19.970  INFO 1 - [       main] org.hibernate.Version            : HHH000412: Hibernate ORM core version 6.4.1.Final 
2024-04-17 06:59:20.033  INFO 1 - [       main] o.h.c.i.RegionFactoryInitiator   : HHH000026: Second-level cache disabled 
2024-04-17 06:59:20.494  INFO 1 - [       main] .o.j.p.SpringPersistenceUnitInfo : No LoadTimeWeaver setup: ignoring JPA class transformer 
2024-04-17 06:59:20.534  WARN 1 - [       main] org.hibernate.orm.deprecation    : HHH90000025: PostgreSQLDialect does not need to be specified explicitly using 'hibernate.dialect' (remove the property setting and it will be selected by default) 
2024-04-17 06:59:21.999  WARN 1 - [       main] o.h.m.internal.MetadataContext   : HHH015011: Unable to locate static metamodel field : com.epam.healenium.model.domain.Selector_#nodePathWrapper; this may or may not indicate a problem with the static metamodel 
2024-04-17 06:59:22.005  INFO 1 - [       main] h.e.t.j.p.i.JtaPlatformInitiator : HHH000489: No JTA platform available (set 'hibernate.transaction.jta.platform' to enable JTA platform integration) 
2024-04-17 06:59:22.011  INFO 1 - [       main] ontainerEntityManagerFactoryBean : Initialized JPA EntityManagerFactory for persistence unit 'default' 
2024-04-17 06:59:22.643  INFO 1 - [       main] o.s.d.j.r.q.QueryEnhancerFactory : Hibernate is in classpath; If applicable, HQL parser will be used. 
2024-04-17 06:59:23.579  INFO 1 - [       main] .a.w.s.WelcomePageHandlerMapping : Adding welcome page template: index 
2024-04-17 06:59:24.578  INFO 1 - [       main] .s.b.a.e.w.EndpointLinksResolver : Exposing 1 endpoint(s) beneath base path '/actuator' 
2024-04-17 06:59:24.689  INFO 1 - [       main] o.s.b.w.e.t.TomcatWebServer      : Tomcat started on port 7878 (http) with context path '' 
2024-04-17 06:59:24.831  INFO 1 - [       main] c.epam.healenium.Application     : Started Application in 11.772 seconds (process running for 14.23) 
2024-04-17 06:59:27.648  INFO 1 - [7878-exec-1] o.a.c.c.C.[.[localhost].[/]      : Initializing Spring DispatcherServlet 'dispatcherServlet' 
2024-04-17 06:59:27.648  INFO 1 - [7878-exec-1] o.s.w.s.DispatcherServlet        : Initializing Servlet 'dispatcherServlet' 
2024-04-17 06:59:27.650  INFO 1 - [7878-exec-1] o.s.w.s.DispatcherServlet        : Completed initialization in 1 ms 
2024-04-17 07:07:56.489  INFO 1 - [7878-exec-1] healenium                        : [Get Reference] Request: RequestDto(locator=//input[@id="twotabsearchtextbox"], className=pageObjects.AmazonSearchPage, methodName=<init>, command=findElement, url=about:blank)) 
2024-04-17 07:08:48.151  INFO 1 - [7878-exec-5] healenium                        : [Save Elements] Request: By.xpath(//input[@id="twotabsearchtextbox"]) 
2024-04-17 07:17:31.648  INFO 1 - [7878-exec-2] healenium                        : [Save Elements] Request: By.xpath(//input[@id="twotabsearchtextbox"]) 
2024-04-17 07:37:32.369  INFO 1 - [7878-exec-9] healenium                        : [Save Elements] Request: By.xpath(//input[@id="twotabsearchtextbox"]) 
2024-04-17 07:37:35.870  INFO 1 - [878-exec-10] healenium                        : [Save Elements] Request: By.xpath(//input[@id="nav-search-submit-button"]) 
2024-04-17 07:39:45.407  INFO 1 - [7878-exec-5] healenium                        : [Get Reference] Request: RequestDto(locator=//input[@id="twotabsearchtextbox"], className=pageObjects.AmazonSearchPage, methodName=searchProduct, command=findElement, url=https://www.amazon.com/)) 
2024-04-17 07:42:48.395  INFO 1 - [7878-exec-9] healenium                        : [Save Elements] Request: By.xpath(//input[@id="twotabsearchtextbox"]) 
2024-04-17 07:44:06.926  INFO 1 - [7878-exec-3] healenium                        : [Save Elements] Request: By.xpath(//input[@id="twotabsearchtextbox"]) 
2024-04-17 07:44:10.261  INFO 1 - [7878-exec-4] healenium                        : [Save Elements] Request: By.xpath(//input[@id="nav-search-submit-button"]) 
2024-04-17 07:45:03.311  INFO 1 - [7878-exec-8] healenium                        : [Get Reference] Request: RequestDto(locator=//input[@id="twotabsearchtextbox"], className=pageObjects.AmazonSearchPage, methodName=searchProduct, command=findElement, url=https://www.amazon.com/)) 
2024-04-17 07:46:07.751  INFO 1 - [7878-exec-6] healenium                        : [Get Reference] Request: RequestDto(locator=//input[@id="nav-search-submit-button"], className=pageObjects.AmazonSearchPage, methodName=searchClick, command=findElement, url=https://www.amazon.com/)) 
2024-04-17 08:10:05.685  INFO 1 - [7878-exec-6] healenium                        : [Save Elements] Request: By.xpath(//a[@id="nav-link-accountList"]) 
2024-04-17 08:10:07.976  INFO 1 - [7878-exec-7] healenium                        : [Save Elements] Request: By.xpath(//input[@id="ap_email"]) 
2024-04-17 08:18:02.874  INFO 1 - [7878-exec-1] healenium                        : [Get Reference] Request: RequestDto(locator=//a[@id="nav-link-accountList"], className=pageObjects.AmazonSearchPage, methodName=clickToSignIn, command=findElement, url=https://www.amazon.com/)) 
2024-04-17 08:18:38.243  INFO 1 - [7878-exec-6] healenium                        : [Save Elements] Request: By.xpath(//a[@id="nav-link-accountList"]) 
2024-04-17 08:18:40.510  INFO 1 - [7878-exec-7] healenium                        : [Save Elements] Request: By.xpath(//input[@id="ap_email"]) 
2024-04-17 08:18:42.593  INFO 1 - [7878-exec-8] healenium                        : [Save Elements] Request: By.xpath(//input[@id="continue"]) 
2024-04-17 08:18:45.009  INFO 1 - [7878-exec-9] healenium                        : [Get Reference] Request: RequestDto(locator=//input[@id="continue"], className=pageObjects.AmazonSignInPage, methodName=enterPassword, command=findElement, url=https://www.amazon.com/ap/signin)) 
2024-04-17 08:18:47.556  INFO 1 - [7878-exec-1] healenium                        : [Save Elements] Request: By.xpath(//input[@id="signInSubmit"]) 
2024-04-17 08:18:49.820  INFO 1 - [7878-exec-2] healenium                        : [Get Reference] Request: RequestDto(locator=//input[@id="twotabsearchtextbox"], className=pageObjects.AmazonSearchPage, methodName=searchProduct, command=findElement, url=https://www.amazon.com/ap/signin)) 
2024-04-17 08:18:52.074  INFO 1 - [7878-exec-4] healenium                        : [Get Reference] Request: RequestDto(locator=//input[@id="nav-search-submit-button"], className=pageObjects.AmazonSearchPage, methodName=searchClick, command=findElement, url=https://www.amazon.com/ap/signin)) 
2024-04-17 08:19:15.667  INFO 1 - [7878-exec-9] healenium                        : [Save Elements] Request: By.xpath(//a[@id="nav-link-accountList"]) 
2024-04-17 08:19:17.935  INFO 1 - [878-exec-10] healenium                        : [Save Elements] Request: By.xpath(//input[@id="ap_email"]) 
2024-04-17 08:19:20.001  INFO 1 - [7878-exec-1] healenium                        : [Save Elements] Request: By.xpath(//input[@id="continue"]) 
2024-04-17 08:19:22.452  INFO 1 - [7878-exec-2] healenium                        : [Get Reference] Request: RequestDto(locator=//input[@id="continue"], className=pageObjects.AmazonSignInPage, methodName=enterPassword, command=findElement, url=https://www.amazon.com/ap/signin)) 
2024-04-17 08:19:24.857  INFO 1 - [7878-exec-4] healenium                        : [Save Elements] Request: By.xpath(//input[@id="signInSubmit"]) 
2024-04-17 08:19:27.124  INFO 1 - [7878-exec-5] healenium                        : [Get Reference] Request: RequestDto(locator=//input[@id="twotabsearchtextbox"], className=pageObjects.AmazonSearchPage, methodName=searchProduct, command=findElement, url=https://www.amazon.com/ap/signin)) 
2024-04-17 08:19:29.390  INFO 1 - [7878-exec-7] healenium                        : [Get Reference] Request: RequestDto(locator=//input[@id="nav-search-submit-button"], className=pageObjects.AmazonSearchPage, methodName=searchClick, command=findElement, url=https://www.amazon.com/ap/signin)) 
2024-04-17 08:21:26.940  INFO 1 - [7878-exec-2] healenium                        : [Save Elements] Request: By.xpath(//a[@id="nav-link-accountList"]) 
2024-04-17 08:21:29.197  INFO 1 - [7878-exec-3] healenium                        : [Save Elements] Request: By.xpath(//input[@id="ap_email"]) 
2024-04-17 08:21:31.291  INFO 1 - [7878-exec-4] healenium                        : [Save Elements] Request: By.xpath(//input[@id="continue"]) 
2024-04-17 08:21:33.768  INFO 1 - [7878-exec-5] healenium                        : [Get Reference] Request: RequestDto(locator=//input[@id="continue"], className=pageObjects.AmazonSignInPage, methodName=enterPassword, command=findElement, url=https://www.amazon.com/ap/signin)) 
2024-04-17 08:21:36.163  INFO 1 - [7878-exec-7] healenium                        : [Save Elements] Request: By.xpath(//input[@id="signInSubmit"]) 
2024-04-17 08:21:38.430  INFO 1 - [7878-exec-8] healenium                        : [Get Reference] Request: RequestDto(locator=//input[@id="twotabsearchtextbox"], className=pageObjects.AmazonSearchPage, methodName=searchProduct, command=findElement, url=https://www.amazon.com/ap/signin)) 
2024-04-17 08:21:40.643  INFO 1 - [878-exec-10] healenium                        : [Get Reference] Request: RequestDto(locator=//input[@id="nav-search-submit-button"], className=pageObjects.AmazonSearchPage, methodName=searchClick, command=findElement, url=https://www.amazon.com/ap/signin)) 
2024-04-17 08:22:54.155  INFO 1 - [7878-exec-5] healenium                        : [Get Reference] Request: RequestDto(locator=//a[@id="nav-link-accountList"], className=pageObjects.AmazonSearchPage, methodName=clickToSignIn, command=findElement, url=https://www.amazon.com/)) 
2024-04-17 08:23:06.377  INFO 1 - [878-exec-10] healenium                        : [Save Elements] Request: By.xpath(//a[@id="nav-link-accountList"]) 
2024-04-17 08:23:08.669  INFO 1 - [7878-exec-1] healenium                        : [Save Elements] Request: By.xpath(//input[@id="ap_email"]) 
2024-04-17 08:23:10.747  INFO 1 - [7878-exec-2] healenium                        : [Save Elements] Request: By.xpath(//input[@id="continue"]) 
2024-04-17 08:23:13.249  INFO 1 - [7878-exec-3] healenium                        : [Save Elements] Request: By.xpath(//input[@id="ap_password"]) 
2024-04-17 08:23:15.322  INFO 1 - [7878-exec-4] healenium                        : [Save Elements] Request: By.xpath(//input[@id="signInSubmit"]) 
2024-04-17 08:23:18.259  INFO 1 - [7878-exec-5] healenium                        : [Get Reference] Request: RequestDto(locator=//input[@id="twotabsearchtextbox"], className=pageObjects.AmazonSearchPage, methodName=searchProduct, command=findElement, url=https://www.amazon.com/ap/cvf/request?arb=8b78f330-b12b-4d00-a62b-aef7adca7607)) 
2024-04-17 08:23:20.797  INFO 1 - [7878-exec-7] healenium                        : [Get Reference] Request: RequestDto(locator=//input[@id="nav-search-submit-button"], className=pageObjects.AmazonSearchPage, methodName=searchClick, command=findElement, url=https://www.amazon.com/ap/cvf/request?arb=8b78f330-b12b-4d00-a62b-aef7adca7607)) 
2024-04-17 08:33:45.704  INFO 1 - [7878-exec-2] healenium                        : [Save Elements] Request: By.xpath(//a[@id="nav-link-accountList"]) 
2024-04-17 08:33:47.992  INFO 1 - [7878-exec-3] healenium                        : [Save Elements] Request: By.xpath(//input[@id="ap_email"]) 
2024-04-17 08:33:50.080  INFO 1 - [7878-exec-4] healenium                        : [Save Elements] Request: By.xpath(//input[@id="continue"]) 
2024-04-17 08:33:52.496  INFO 1 - [7878-exec-5] healenium                        : [Save Elements] Request: By.xpath(//input[@id="ap_password"]) 
2024-04-17 08:33:54.560  INFO 1 - [7878-exec-6] healenium                        : [Save Elements] Request: By.xpath(//input[@id="signInSubmit"]) 
2024-04-17 08:33:57.684  INFO 1 - [7878-exec-7] healenium                        : [Get Reference] Request: RequestDto(locator=//img[@alt="captcha"], className=tests.AmazonLoginTests, methodName=main, command=findElement, url=https://www.amazon.com/?ref_=nav_ya_signin)) 
2024-04-17 08:35:07.620  INFO 1 - [7878-exec-1] healenium                        : [Get Reference] Request: RequestDto(locator=//a[@id="nav-link-accountList"], className=pageObjects.AmazonSearchPage, methodName=clickToSignIn, command=findElement, url=https://www.amazon.com/)) 
2024-04-17 08:35:19.255  INFO 1 - [7878-exec-6] healenium                        : [Save Elements] Request: By.xpath(//a[@id="nav-link-accountList"]) 
2024-04-17 08:35:21.603  INFO 1 - [7878-exec-7] healenium                        : [Save Elements] Request: By.xpath(//input[@id="ap_email"]) 
2024-04-17 08:35:23.666  INFO 1 - [7878-exec-8] healenium                        : [Save Elements] Request: By.xpath(//input[@id="continue"]) 
2024-04-17 08:35:26.143  INFO 1 - [7878-exec-9] healenium                        : [Save Elements] Request: By.xpath(//input[@id="ap_password"]) 
2024-04-17 08:35:28.197  INFO 1 - [878-exec-10] healenium                        : [Save Elements] Request: By.xpath(//input[@id="signInSubmit"]) 
2024-04-17 08:35:31.322  INFO 1 - [7878-exec-1] healenium                        : [Get Reference] Request: RequestDto(locator=//img[@alt="captcha"], className=tests.AmazonLoginTests, methodName=main, command=findElement, url=https://www.amazon.com/?ref_=nav_ya_signin)) 
2024-04-17 08:35:51.367  INFO 1 - [7878-exec-2] healenium                        : [Save Elements] Request: By.xpath(//input[@id="twotabsearchtextbox"]) 
2024-04-17 08:35:53.524  INFO 1 - [7878-exec-3] healenium                        : [Save Elements] Request: By.xpath(//input[@id="nav-search-submit-button"]) 
2024-04-17 08:36:31.685  INFO 1 - [7878-exec-7] healenium                        : [Get Reference] Request: RequestDto(locator=//a[@id="nav-link-accountList"], className=pageObjects.AmazonSearchPage, methodName=clickToSignIn, command=findElement, url=https://www.amazon.com/)) 
2024-04-17 08:36:44.042  INFO 1 - [7878-exec-2] healenium                        : [Get Reference] Request: RequestDto(locator=//a[@id="nav-link-accountList"], className=pageObjects.AmazonSearchPage, methodName=clickToSignIn, command=findElement, url=https://www.amazon.com/)) 
2024-04-17 08:36:57.251  INFO 1 - [7878-exec-7] healenium                        : [Save Elements] Request: By.xpath(//a[@id="nav-link-accountList"]) 
2024-04-17 08:36:59.552  INFO 1 - [7878-exec-8] healenium                        : [Save Elements] Request: By.xpath(//input[@id="ap_email"]) 
2024-04-17 08:37:01.627  INFO 1 - [7878-exec-9] healenium                        : [Save Elements] Request: By.xpath(//input[@id="continue"]) 
2024-04-17 08:37:04.133  INFO 1 - [878-exec-10] healenium                        : [Save Elements] Request: By.xpath(//input[@id="ap_password"]) 
2024-04-17 08:37:06.199  INFO 1 - [7878-exec-1] healenium                        : [Save Elements] Request: By.xpath(//input[@id="signInSubmit"]) 
2024-04-17 08:37:09.447  INFO 1 - [7878-exec-2] healenium                        : [Get Reference] Request: RequestDto(locator=//img[@alt="captcha"], className=tests.AmazonLoginTests, methodName=main, command=findElement, url=https://www.amazon.com/?ref_=nav_ya_signin)) 
2024-04-17 08:37:11.495  INFO 1 - [7878-exec-3] healenium                        : [Save Elements] Request: By.xpath(//input[@id="twotabsearchtextbox"]) 
2024-04-17 08:37:13.703  INFO 1 - [7878-exec-4] healenium                        : [Save Elements] Request: By.xpath(//input[@id="nav-search-submit-button"]) 
2024-04-17 09:01:16.763  INFO 1 - [7878-exec-8] healenium                        : [Save Elements] Request: By.xpath(//a[@id="nav-link-accountList"]) 
2024-04-17 09:01:19.060  INFO 1 - [7878-exec-9] healenium                        : [Save Elements] Request: By.xpath(//input[@id="ap_email"]) 
2024-04-17 09:01:21.136  INFO 1 - [878-exec-10] healenium                        : [Save Elements] Request: By.xpath(//input[@id="continue"]) 
2024-04-17 09:01:23.640  INFO 1 - [7878-exec-1] healenium                        : [Save Elements] Request: By.xpath(//input[@id="ap_password"]) 
2024-04-17 09:01:25.774  INFO 1 - [7878-exec-2] healenium                        : [Save Elements] Request: By.xpath(//input[@id="signInSubmit"]) 
2024-04-17 09:01:29.204  INFO 1 - [7878-exec-3] healenium                        : [Get Reference] Request: RequestDto(locator=//img[@alt="captcha"], className=tests.AmazonLoginTests, methodName=main, command=findElement, url=https://www.amazon.com/?ref_=nav_ya_signin)) 
2024-04-17 09:01:31.236  INFO 1 - [7878-exec-4] healenium                        : [Save Elements] Request: By.xpath(//input[@id="twotabsearchtextbox"]) 
2024-04-17 09:01:33.377  INFO 1 - [7878-exec-5] healenium                        : [Save Elements] Request: By.xpath(//input[@id="nav-search-submit-button"]) 
2024-04-17 09:01:37.719  INFO 1 - [7878-exec-6] healenium                        : [Save Elements] Request: By.xpath(//div[@data-cel-widget="search_result_2"]) 
2024-04-17 09:01:43.915  INFO 1 - [7878-exec-7] healenium                        : [Get Reference] Request: RequestDto(locator=//span[@data-csa-c-id="ari2gi-jhrqza-a1a5jx-yfvc4f"], className=pageObjects.AmazonProductPage, methodName=sizeClick, command=findElement, url=https://www.amazon.com/Blazer-Mid-VNTG-White-Black/dp/B07R2WX8XX/ref=sr_1_1?crid=LM4KJO9JNGUF&dib=eyJ2IjoiMSJ9.TcmqFRASvjEG9M_2ogV6ldAgnAVEb40uUSWWJawhzdgzFDgI_R-4lJHgt5aXuInqtVwvjMm8LW1t4FTQU5m4GZFlwxmY9mYEUvCrJSdN36t4nh-FqExpgdN_shR6U1YPL4Ybo39bq65by0hPy5GRgOSV7EjVZbTuAkcxddkQdExEyQ6x-jLAYR9_Rr53Mxpa39JA1JOiuAexPmOkCRC5LlUbU3XwftGl0req1jZdP2aooTrbOYIw1Vqgj8yh0rof-O7HybL0NQLfMr6FO6qtGn4v5G5qUYaAqaxI5I7qj0o.J0HyhV47EdSdMHA08yuKgE3Ab3NtOuMkAsUA2_P7SsU&dib_tag=se&keywords=Nike+Shoes&qid=1713333692&sprefix=nike+shoes%2Caps%2C137&sr=8-1)) 
2024-04-17 09:06:10.233  INFO 1 - [7878-exec-1] healenium                        : [Save Elements] Request: By.xpath(//a[@id="nav-link-accountList"]) 
2024-04-17 09:06:12.509  INFO 1 - [7878-exec-2] healenium                        : [Save Elements] Request: By.xpath(//input[@id="ap_email"]) 
2024-04-17 09:06:14.578  INFO 1 - [7878-exec-3] healenium                        : [Save Elements] Request: By.xpath(//input[@id="continue"]) 
2024-04-17 09:06:16.897  INFO 1 - [7878-exec-4] healenium                        : [Get Reference] Request: RequestDto(locator=//input[@id="ap_password"], className=pageObjects.AmazonSignInPage, methodName=enterPassword, command=findElement, url=https://www.amazon.com/ap/signin/144-5837054-1338166)) 
2024-04-17 09:06:19.360  INFO 1 - [7878-exec-6] healenium                        : [Get Reference] Request: RequestDto(locator=//input[@id="signInSubmit"], className=pageObjects.AmazonSignInPage, methodName=clickSignIn, command=findElement, url=https://www.amazon.com/ap/signin/144-5837054-1338166)) 
2024-04-17 09:06:21.799  INFO 1 - [7878-exec-8] healenium                        : [Get Reference] Request: RequestDto(locator=//img[@alt="captcha"], className=tests.AmazonLoginTests, methodName=main, command=findElement, url=https://www.amazon.com/ap/signin)) 
2024-04-17 09:06:23.855  INFO 1 - [7878-exec-9] healenium                        : [Get Reference] Request: RequestDto(locator=//input[@id="twotabsearchtextbox"], className=pageObjects.AmazonSearchPage, methodName=searchProduct, command=findElement, url=https://www.amazon.com/ap/signin)) 
2024-04-17 09:08:11.230  INFO 1 - [7878-exec-4] healenium                        : [Save Elements] Request: By.xpath(//a[@id="nav-link-accountList"]) 
2024-04-17 09:08:13.491  INFO 1 - [7878-exec-5] healenium                        : [Save Elements] Request: By.xpath(//input[@id="ap_email"]) 
2024-04-17 09:08:15.558  INFO 1 - [7878-exec-6] healenium                        : [Save Elements] Request: By.xpath(//input[@id="continue"]) 
2024-04-17 09:08:18.084  INFO 1 - [7878-exec-7] healenium                        : [Save Elements] Request: By.xpath(//input[@id="ap_password"]) 
2024-04-17 09:08:20.180  INFO 1 - [7878-exec-8] healenium                        : [Save Elements] Request: By.xpath(//input[@id="signInSubmit"]) 
2024-04-17 09:08:23.391  INFO 1 - [7878-exec-9] healenium                        : [Get Reference] Request: RequestDto(locator=//img[@alt="captcha"], className=tests.AmazonTests, methodName=main, command=findElement, url=https://www.amazon.com/?ref_=nav_ya_signin)) 
2024-04-17 09:08:25.438  INFO 1 - [878-exec-10] healenium                        : [Save Elements] Request: By.xpath(//input[@id="twotabsearchtextbox"]) 
2024-04-17 09:08:27.562  INFO 1 - [7878-exec-1] healenium                        : [Save Elements] Request: By.xpath(//input[@id="nav-search-submit-button"]) 
2024-04-17 09:11:43.628  INFO 1 - [7878-exec-5] healenium                        : [Save Elements] Request: By.xpath(//a[@id="nav-link-accountList"]) 
2024-04-17 09:11:46.021  INFO 1 - [7878-exec-6] healenium                        : [Save Elements] Request: By.xpath(//input[@id="ap_email"]) 
2024-04-17 09:11:48.121  INFO 1 - [7878-exec-7] healenium                        : [Save Elements] Request: By.xpath(//input[@id="continue"]) 
2024-04-17 09:11:50.558  INFO 1 - [7878-exec-8] healenium                        : [Get Reference] Request: RequestDto(locator=//input[@id="ap_password"], className=pageObjects.AmazonSignInPage, methodName=enterPassword, command=findElement, url=https://www.amazon.com/ap/signin/131-3267582-3341013)) 
2024-04-17 09:11:52.918  INFO 1 - [878-exec-10] healenium                        : [Get Reference] Request: RequestDto(locator=//input[@id="signInSubmit"], className=pageObjects.AmazonSignInPage, methodName=clickSignIn, command=findElement, url=https://www.amazon.com/ap/signin/131-3267582-3341013)) 
2024-04-17 09:12:47.873  INFO 1 - [7878-exec-5] healenium                        : [Save Elements] Request: By.xpath(//a[@id="nav-link-accountList"]) 
2024-04-17 09:12:48.541  INFO 1 - [7878-exec-6] healenium                        : [Save Elements] Request: By.xpath(//input[@id="ap_email"]) 
2024-04-17 09:12:48.777  INFO 1 - [7878-exec-7] healenium                        : [Save Elements] Request: By.xpath(//input[@id="continue"]) 
2024-04-17 09:12:49.514  INFO 1 - [7878-exec-8] healenium                        : [Save Elements] Request: By.xpath(//input[@id="ap_password"]) 
2024-04-17 09:12:49.648  INFO 1 - [7878-exec-9] healenium                        : [Save Elements] Request: By.xpath(//input[@id="signInSubmit"]) 
2024-04-17 09:13:00.966  INFO 1 - [878-exec-10] healenium                        : [Get Reference] Request: RequestDto(locator=//img[@alt="captcha"], className=tests.AmazonTests, methodName=main, command=findElement, url=https://www.amazon.com/?ref_=nav_ya_signin)) 
2024-04-17 09:13:03.064  INFO 1 - [7878-exec-1] healenium                        : [Save Elements] Request: By.xpath(//input[@id="twotabsearchtextbox"]) 
2024-04-17 09:13:05.186  INFO 1 - [7878-exec-2] healenium                        : [Save Elements] Request: By.xpath(//input[@id="nav-search-submit-button"]) 
2024-04-17 09:15:07.781  INFO 1 - [7878-exec-6] healenium                        : [Save Elements] Request: By.xpath(//a[@id="nav-link-accountList"]) 
2024-04-17 09:15:08.410  INFO 1 - [7878-exec-7] healenium                        : [Save Elements] Request: By.xpath(//input[@id="ap_email"]) 
2024-04-17 09:15:08.560  INFO 1 - [7878-exec-8] healenium                        : [Save Elements] Request: By.xpath(//input[@id="continue"]) 
2024-04-17 09:15:09.261  INFO 1 - [7878-exec-9] healenium                        : [Save Elements] Request: By.xpath(//input[@id="ap_password"]) 
2024-04-17 09:15:09.324  INFO 1 - [878-exec-10] healenium                        : [Save Elements] Request: By.xpath(//input[@id="signInSubmit"]) 
2024-04-17 09:15:20.625  INFO 1 - [7878-exec-1] healenium                        : [Get Reference] Request: RequestDto(locator=//img[@alt="captcha"], className=tests.AmazonTests, methodName=main, command=findElement, url=https://www.amazon.com/?ref_=nav_ya_signin)) 
2024-04-17 09:15:22.660  INFO 1 - [7878-exec-2] healenium                        : [Save Elements] Request: By.xpath(//input[@id="twotabsearchtextbox"]) 
2024-04-17 09:15:24.869  INFO 1 - [7878-exec-3] healenium                        : [Save Elements] Request: By.xpath(//input[@id="nav-search-submit-button"]) 
2024-04-17 09:17:44.785  INFO 1 - [7878-exec-7] healenium                        : [Save Elements] Request: By.xpath(//a[@id="nav-link-accountList"]) 
2024-04-17 09:17:45.398  INFO 1 - [7878-exec-8] healenium                        : [Save Elements] Request: By.xpath(//input[@id="ap_email"]) 
2024-04-17 09:17:45.551  INFO 1 - [7878-exec-9] healenium                        : [Save Elements] Request: By.xpath(//input[@id="continue"]) 
2024-04-17 09:17:46.213  INFO 1 - [878-exec-10] healenium                        : [Save Elements] Request: By.xpath(//input[@id="ap_password"]) 
2024-04-17 09:17:46.270  INFO 1 - [7878-exec-1] healenium                        : [Save Elements] Request: By.xpath(//input[@id="signInSubmit"]) 
2024-04-17 09:17:57.973  INFO 1 - [7878-exec-2] healenium                        : [Get Reference] Request: RequestDto(locator=//img[@alt="captcha"], className=tests.AmazonTests, methodName=main, command=findElement, url=https://www.amazon.com/?ref_=nav_ya_signin)) 
2024-04-17 09:18:00.015  INFO 1 - [7878-exec-3] healenium                        : [Save Elements] Request: By.xpath(//input[@id="twotabsearchtextbox"]) 
2024-04-17 09:18:02.209  INFO 1 - [7878-exec-4] healenium                        : [Save Elements] Request: By.xpath(//input[@id="nav-search-submit-button"]) 
2024-04-17 09:18:06.416  INFO 1 - [7878-exec-5] healenium                        : [Save Elements] Request: By.xpath(//div[@data-cel-widget="search_result_2"]) 
2024-04-17 09:18:08.521  INFO 1 - [7878-exec-6] healenium                        : [Save Elements] Request: By.xpath(//div[@data-cel-widget="search_result_2"]) 
2024-04-17 09:18:13.965  INFO 1 - [7878-exec-7] healenium                        : [Save Elements] Request: By.xpath(//select[@id="native_dropdown_selected_size_name"]) 
2024-04-17 09:24:27.853  INFO 1 - [7878-exec-1] healenium                        : [Save Elements] Request: By.xpath(//a[@id="nav-link-accountList"]) 
2024-04-17 09:24:28.408  INFO 1 - [7878-exec-2] healenium                        : [Save Elements] Request: By.xpath(//input[@id="ap_email"]) 
2024-04-17 09:24:28.645  INFO 1 - [7878-exec-3] healenium                        : [Save Elements] Request: By.xpath(//input[@id="continue"]) 
2024-04-17 09:24:29.314  INFO 1 - [7878-exec-4] healenium                        : [Save Elements] Request: By.xpath(//input[@id="ap_password"]) 
2024-04-17 09:24:29.397  INFO 1 - [7878-exec-5] healenium                        : [Save Elements] Request: By.xpath(//input[@id="signInSubmit"]) 
2024-04-17 09:24:41.011  INFO 1 - [7878-exec-6] healenium                        : [Get Reference] Request: RequestDto(locator=//img[@alt="captcha"], className=tests.AmazonTests, methodName=main, command=findElement, url=https://www.amazon.com/?ref_=nav_ya_signin)) 
2024-04-17 09:24:43.047  INFO 1 - [7878-exec-7] healenium                        : [Save Elements] Request: By.xpath(//input[@id="twotabsearchtextbox"]) 
2024-04-17 09:24:45.227  INFO 1 - [7878-exec-8] healenium                        : [Save Elements] Request: By.xpath(//input[@id="nav-search-submit-button"]) 
2024-04-17 09:24:49.528  INFO 1 - [7878-exec-9] healenium                        : [Save Elements] Request: By.xpath(//div[@data-cel-widget="search_result_2"]) 
2024-04-17 09:24:51.686  INFO 1 - [878-exec-10] healenium                        : [Save Elements] Request: By.xpath(//div[@data-cel-widget="search_result_2"]) 
2024-04-17 09:24:58.200  INFO 1 - [7878-exec-1] healenium                        : [Save Elements] Request: By.xpath(//span[@id="dropdown_selected_size_name"]) 
2024-04-17 09:26:47.729  INFO 1 - [7878-exec-8] healenium                        : [Save Elements] Request: By.xpath(//a[@id="nav-link-accountList"]) 
2024-04-17 09:26:48.317  INFO 1 - [7878-exec-9] healenium                        : [Save Elements] Request: By.xpath(//input[@id="ap_email"]) 
2024-04-17 09:26:48.479  INFO 1 - [878-exec-10] healenium                        : [Save Elements] Request: By.xpath(//input[@id="continue"]) 
2024-04-17 09:26:49.229  INFO 1 - [7878-exec-1] healenium                        : [Save Elements] Request: By.xpath(//input[@id="ap_password"]) 
2024-04-17 09:26:49.312  INFO 1 - [7878-exec-2] healenium                        : [Save Elements] Request: By.xpath(//input[@id="signInSubmit"]) 
2024-04-17 09:27:00.711  INFO 1 - [7878-exec-3] healenium                        : [Get Reference] Request: RequestDto(locator=//img[@alt="captcha"], className=tests.AmazonTests, methodName=main, command=findElement, url=https://www.amazon.com/?ref_=nav_ya_signin)) 
2024-04-17 09:27:00.767  INFO 1 - [7878-exec-4] healenium                        : [Save Elements] Request: By.xpath(//input[@id="twotabsearchtextbox"]) 
2024-04-17 09:27:02.956  INFO 1 - [7878-exec-5] healenium                        : [Save Elements] Request: By.xpath(//input[@id="nav-search-submit-button"]) 
2024-04-17 09:27:07.142  INFO 1 - [7878-exec-6] healenium                        : [Save Elements] Request: By.xpath(//div[@data-cel-widget="search_result_2"]) 
2024-04-17 09:27:09.244  INFO 1 - [7878-exec-7] healenium                        : [Save Elements] Request: By.xpath(//div[@data-cel-widget="search_result_2"]) 
2024-04-17 09:27:21.522  INFO 1 - [7878-exec-8] healenium                        : [Get Reference] Request: RequestDto(locator=//span[@id="dropdown_selected_size_name"], className=pageObjects.AmazonProductPage, methodName=sizeClick, command=findElement, url=https://www.amazon.com/s?k=Nike+Shoes&crid=3OJBL447394Z6&sprefix=nike+shoes%2Caps%2C152&ref=nb_sb_noss_1)) 
2024-04-17 09:27:36.448  INFO 1 - [878-exec-10] healenium                        : [Get Reference] Request: RequestDto(locator=//li[@id="size_name_0"], className=tests.AmazonTests, methodName=main, command=findElement, url=https://www.amazon.com/s?k=Nike+Shoes&crid=3OJBL447394Z6&sprefix=nike+shoes%2Caps%2C152&ref=nb_sb_noss_1)) 
2024-04-17 09:34:22.576  INFO 1 - [878-exec-10] healenium                        : [Save Elements] Request: By.xpath(//a[@id="nav-link-accountList"]) 
2024-04-17 09:34:23.261  INFO 1 - [7878-exec-1] healenium                        : [Save Elements] Request: By.xpath(//input[@id="ap_email"]) 
2024-04-17 09:34:23.449  INFO 1 - [7878-exec-2] healenium                        : [Save Elements] Request: By.xpath(//input[@id="continue"]) 
2024-04-17 09:34:24.051  INFO 1 - [7878-exec-3] healenium                        : [Save Elements] Request: By.xpath(//input[@id="ap_password"]) 
2024-04-17 09:34:24.196  INFO 1 - [7878-exec-4] healenium                        : [Save Elements] Request: By.xpath(//input[@id="signInSubmit"]) 
2024-04-17 09:34:35.675  INFO 1 - [7878-exec-5] healenium                        : [Get Reference] Request: RequestDto(locator=//img[@alt="captcha"], className=tests.AmazonTests, methodName=main, command=findElement, url=https://www.amazon.com/?ref_=nav_ya_signin)) 
2024-04-17 09:34:35.728  INFO 1 - [7878-exec-6] healenium                        : [Save Elements] Request: By.xpath(//span[@id="nav-cart-count"]) 
2024-04-17 09:34:45.777  INFO 1 - [7878-exec-7] healenium                        : [Get Reference] Request: RequestDto(locator=//span[@data-feature-id="delete"], className=pageObjects.AmazonSearchPage, methodName=clearCart, command=findElement, url=https://www.amazon.com/?ref_=nav_ya_signin)) 
2024-04-17 09:36:20.857  INFO 1 - [7878-exec-1] healenium                        : [Save Elements] Request: By.xpath(//a[@id="nav-link-accountList"]) 
2024-04-17 09:36:21.766  INFO 1 - [7878-exec-2] healenium                        : [Save Elements] Request: By.xpath(//input[@id="ap_email"]) 
2024-04-17 09:36:22.140  INFO 1 - [7878-exec-3] healenium                        : [Save Elements] Request: By.xpath(//input[@id="continue"]) 
2024-04-17 09:36:22.777  INFO 1 - [7878-exec-4] healenium                        : [Save Elements] Request: By.xpath(//input[@id="ap_password"]) 
2024-04-17 09:36:22.901  INFO 1 - [7878-exec-5] healenium                        : [Save Elements] Request: By.xpath(//input[@id="signInSubmit"]) 
2024-04-17 09:36:34.617  INFO 1 - [7878-exec-6] healenium                        : [Get Reference] Request: RequestDto(locator=//img[@alt="captcha"], className=tests.AmazonTests, methodName=main, command=findElement, url=https://www.amazon.com/?ref_=nav_ya_signin)) 
2024-04-17 09:36:36.661  INFO 1 - [7878-exec-7] healenium                        : [Save Elements] Request: By.xpath(//input[@id="twotabsearchtextbox"]) 
2024-04-17 09:36:38.929  INFO 1 - [7878-exec-8] healenium                        : [Save Elements] Request: By.xpath(//input[@id="nav-search-submit-button"]) 
2024-04-17 09:36:43.513  INFO 1 - [7878-exec-9] healenium                        : [Save Elements] Request: By.xpath(//div[@data-cel-widget="search_result_2"]) 
2024-04-17 09:36:45.645  INFO 1 - [878-exec-10] healenium                        : [Save Elements] Request: By.xpath(//div[@data-cel-widget="search_result_2"]) 
2024-04-17 09:36:57.960  INFO 1 - [7878-exec-1] healenium                        : [Get Reference] Request: RequestDto(locator=//span[@id="dropdown_selected_size_name"], className=pageObjects.AmazonProductPage, methodName=sizeClick, command=findElement, url=https://www.amazon.com/s?k=Nike+Shoes&crid=2H2NJF2W3GBRY&sprefix=nike+shoes%2Caps%2C148&ref=nb_sb_noss_1)) 
2024-04-17 09:37:13.649  INFO 1 - [7878-exec-3] healenium                        : [Get Reference] Request: RequestDto(locator=//li[@id="size_name_0"], className=tests.AmazonTests, methodName=main, command=findElement, url=https://www.amazon.com/s?k=Nike+Shoes&crid=2H2NJF2W3GBRY&sprefix=nike+shoes%2Caps%2C148&ref=nb_sb_noss_1)) 
2024-04-17 09:38:12.256  INFO 1 - [7878-exec-7] healenium                        : [Save Elements] Request: By.xpath(//a[@id="nav-link-accountList"]) 
2024-04-17 09:38:12.981  INFO 1 - [7878-exec-8] healenium                        : [Save Elements] Request: By.xpath(//input[@id="ap_email"]) 
2024-04-17 09:38:13.227  INFO 1 - [7878-exec-9] healenium                        : [Save Elements] Request: By.xpath(//input[@id="continue"]) 
2024-04-17 09:38:13.832  INFO 1 - [878-exec-10] healenium                        : [Save Elements] Request: By.xpath(//input[@id="ap_password"]) 
2024-04-17 09:38:13.911  INFO 1 - [7878-exec-1] healenium                        : [Save Elements] Request: By.xpath(//input[@id="signInSubmit"]) 
2024-04-17 09:38:25.283  INFO 1 - [7878-exec-2] healenium                        : [Get Reference] Request: RequestDto(locator=//img[@alt="captcha"], className=tests.AmazonTests, methodName=main, command=findElement, url=https://www.amazon.com/?ref_=nav_ya_signin)) 
2024-04-17 09:38:27.373  INFO 1 - [7878-exec-3] healenium                        : [Save Elements] Request: By.xpath(//input[@id="twotabsearchtextbox"]) 
2024-04-17 09:38:29.601  INFO 1 - [7878-exec-4] healenium                        : [Save Elements] Request: By.xpath(//input[@id="nav-search-submit-button"]) 
2024-04-17 09:38:34.543  INFO 1 - [7878-exec-5] healenium                        : [Save Elements] Request: By.xpath(//div[@data-cel-widget="search_result_2"]) 
2024-04-17 09:38:36.712  INFO 1 - [7878-exec-6] healenium                        : [Save Elements] Request: By.xpath(//div[@data-cel-widget="search_result_2"]) 
2024-04-17 09:38:42.719  INFO 1 - [7878-exec-7] healenium                        : [Save Elements] Request: By.xpath(//span[@id="dropdown_selected_size_name"]) 
2024-04-17 09:38:45.070  INFO 1 - [7878-exec-8] healenium                        : [Save Elements] Request: By.xpath(//li[@id="size_name_0"]) 
